[2024-02-22T10:43:25.302991+00:00] application_logger.ERROR: Метод actionSome не существует в контроллере Geekbrains\Application1\Domain\Controllers\UserController | Попытка вызова адреса /user/some [] []
[2024-02-22T10:43:30.687308+00:00] application_logger.ERROR: Метод actionSome не существует в контроллере Geekbrains\Application1\Domain\Controllers\UserController | Попытка вызова адреса /user/some [] []
[2024-02-22T11:44:53.273656+00:00] application_logger.ERROR: Метод actionSome не существует в контроллере Geekbrains\Application1\Domain\Controllers\UserController | Попытка вызова адреса /user/some [] []
[2024-02-22T11:45:08.641793+00:00] application_logger.ERROR: Класс Geekbrains\Application1\Domain\Controllers\UserrrController не существует [] []
[2024-02-22T11:46:16.124419+00:00] application_logger.ERROR: Переданные данные некорректны [] []
[2024-02-22T11:47:26.266527+00:00] application_logger.ERROR: Невозможно сгенерировать хэш. Не передан пароль [] []
[2024-02-22T11:50:57.583600+00:00] application_logger.ERROR: Невозможно сгенерировать хэш. Не передан пароль [] []
[2024-02-22T11:51:21.065047+00:00] application_logger.ERROR: Невозможно сгенерировать хэш. Не передан пароль [] []
[2024-02-22T11:52:22.221111+00:00] application_logger.ERROR: Пользователь не существует [] []
[2024-02-22T11:53:30.583990+00:00] application_logger.ERROR: Пользователь не существует [] []
[2024-02-22T11:54:23.621700+00:00] application_logger.ERROR: Метод actionGetUserRoles не существует в контроллере Geekbrains\Application1\Domain\Controllers\UserController | Попытка вызова адреса /user/getUserRoles [] []
[2024-02-22T11:56:20.701558+00:00] application_logger.ERROR: Переданные данные некорректны [] []
[2024-02-22T11:57:37.509035+00:00] application_logger.ERROR: Пользователь не существует [] []
[2024-02-22T11:59:40.006567+00:00] application_logger.ERROR: Пользователь не существует [] []
[2024-02-22T11:59:45.066778+00:00] application_logger.ERROR: Пользователь не существует [] []
[2024-02-22T11:59:53.143663+00:00] application_logger.ERROR: Пользователь не существует [] []
[2024-02-22T12:01:20.021725+00:00] application_logger.ERROR: Пользователь не существует [] []
[2024-02-22T12:04:34.387605+00:00] application_logger.ERROR: Пользователь не существует [] []
[2024-02-22T12:04:41.856889+00:00] application_logger.ERROR: Ошибка при передачи id [] []
[2024-02-22T12:04:51.934737+00:00] application_logger.ERROR: Ошибка при передачи id [] []
[2024-02-22T12:07:23.483323+00:00] application_logger.ERROR: Ошибка при передачи id [] []
[2024-02-22T12:07:36.938108+00:00] application_logger.ERROR: Ошибка при передачи id [] []
[2024-02-22T12:08:27.134887+00:00] application_logger.ERROR: Пользователь не существует [] []
[2024-02-22T12:09:28.630502+00:00] application_logger.ERROR: Пользователь не существует [] []
[2024-02-22T12:11:00.498799+00:00] application_logger.ERROR: Ошибка при передачи id [] []
[2024-02-22T12:14:59.979342+00:00] application_logger.ERROR: Ошибка при передачи id [] []
