[2024-02-29T14:03:09.183981+00:00] application_logger.ERROR: Метод actionEditfd не существует в контроллере Geekbrains\Application1\Domain\Controllers\UserController | Попытка вызова адреса /user/editfd [] []
[2024-02-29T14:03:32.784086+00:00] application_logger.ERROR: Метод actionEdit не существует в контроллере Geekbrains\Application1\Domain\Controllers\UserController | Попытка вызова адреса /user/edit [] []
[2024-02-29T14:03:34.871885+00:00] application_logger.ERROR: Метод actionEditfd не существует в контроллере Geekbrains\Application1\Domain\Controllers\UserController | Попытка вызова адреса /user/editfd [] []
[2024-02-29T14:03:45.972811+00:00] application_logger.ERROR: Метод actionEditfd не существует в контроллере Geekbrains\Application1\Domain\Controllers\UserController | Попытка вызова адреса /user/editfd [] []
[2024-02-29T14:04:37.349542+00:00] application_logger.ERROR: Метод actionEditfd не существует в контроллере Geekbrains\Application1\Domain\Controllers\UserController | Попытка вызова адреса /user/editfd [] []
[2024-02-29T14:04:45.319806+00:00] application_logger.ERROR: Метод actionEditfd не существует в контроллере Geekbrains\Application1\Domain\Controllers\UserController | Попытка вызова адреса /user/editfd [] []
[2024-02-29T14:05:46.667689+00:00] application_logger.ERROR: Метод actionEditfd не существует в контроллере Geekbrains\Application1\Domain\Controllers\UserController | Попытка вызова адреса /user/editfd [] []
[2024-02-29T14:06:26.639357+00:00] application_logger.ERROR: Метод actionEditfd не существует в контроллере Geekbrains\Application1\Domain\Controllers\UserController | Попытка вызова адреса /user/editfd [] []
[2024-02-29T14:08:08.638598+00:00] application_logger.ERROR: Метод actionEditfd не существует в контроллере Geekbrains\Application1\Domain\Controllers\UserController | Попытка вызова адреса /user/editfd [] []
[2024-02-29T14:08:41.999465+00:00] application_logger.ERROR: Метод actionEditfd не существует в контроллере Geekbrains\Application1\Domain\Controllers\UserController | Попытка вызова адреса /user/editfd [] []
[2024-02-29T14:10:27.643103+00:00] application_logger.ERROR: Класс Geekbrains\Application1\Domain\Controllers\UsefdrController не существует [] []
[2024-02-29T14:10:45.072572+00:00] application_logger.ERROR: Класс Geekbrains\Application1\Domain\Controllers\UsefdrController не существует [] []
[2024-02-29T14:11:33.982488+00:00] application_logger.ERROR: Метод actionEdit не существует в контроллере Geekbrains\Application1\Domain\Controllers\UserController | Попытка вызова адреса /user/edit [] []
[2024-02-29T14:11:51.830713+00:00] application_logger.ERROR: Переданные данные некорректны [] []
[2024-02-29T14:29:33.006916+00:00] application_logger.ERROR: Метод actionEdit не существует в контроллере Geekbrains\Application1\Domain\Controllers\UserController | Попытка вызова адреса /user/edit [] []
[2024-02-29T15:42:40.606609+00:00] application_logger.ERROR: Пользователь не существует [] []
[2024-02-29T15:44:46.985367+00:00] application_logger.ERROR: Пользователь не существует [] []
[2024-02-29T15:45:59.307092+00:00] application_logger.ERROR: Пользователь не существует [] []
[2024-02-29T16:02:31.185269+00:00] application_logger.ERROR: Пользователь не существует [] []
[2024-02-29T16:02:51.586622+00:00] application_logger.ERROR: Пользователь не существует [] []
